TN:
SF:app.js
FN:10,(anonymous_0)
FN:18,(anonymous_1)
FNF:2
FNH:2
FNDA:1,(anonymous_0)
FNDA:1,(anonymous_1)
DA:1,1
DA:2,1
DA:3,1
DA:4,1
DA:5,1
DA:7,1
DA:8,1
DA:10,1
DA:11,1
DA:12,1
DA:14,0
DA:18,1
DA:19,1
DA:20,1
DA:23,1
LF:15
LH:14
BRF:0
BRH:0
end_of_record
TN:
SF:src/controllers/project.js
FN:3,(anonymous_0)
FN:17,(anonymous_1)
FN:32,(anonymous_2)
FN:48,(anonymous_3)
FN:61,(anonymous_4)
FNF:5
FNH:2
FNDA:1,(anonymous_0)
FNDA:0,(anonymous_1)
FNDA:2,(anonymous_2)
FNDA:0,(anonymous_3)
FNDA:0,(anonymous_4)
DA:1,1
DA:3,1
DA:4,1
DA:5,1
DA:6,1
DA:10,0
DA:11,0
DA:17,1
DA:18,0
DA:19,0
DA:20,0
DA:24,0
DA:25,0
DA:32,1
DA:33,2
DA:34,2
DA:35,1
DA:40,1
DA:41,1
DA:48,1
DA:49,0
DA:50,0
DA:52,0
DA:53,0
DA:55,0
DA:56,0
DA:61,1
DA:62,0
DA:63,0
DA:65,0
DA:66,0
DA:68,0
DA:69,0
LF:33
LH:14
BRF:0
BRH:0
end_of_record
TN:
SF:src/models/project.js
FNF:0
FNH:0
DA:1,2
DA:3,2
DA:5,2
DA:31,2
LF:4
LH:4
BRF:0
BRH:0
end_of_record
TN:
SF:src/routes/projects.js
FNF:0
FNH:0
DA:1,1
DA:3,1
DA:4,1
DA:6,1
DA:7,1
DA:8,1
DA:9,1
DA:10,1
DA:12,1
LF:9
LH:9
BRF:0
BRH:0
end_of_record
TN:
SF:src/services/projects.js
FN:3,(anonymous_0)
FN:8,(anonymous_1)
FN:13,(anonymous_2)
FN:25,(anonymous_3)
FN:33,(anonymous_4)
FNF:5
FNH:4
FNDA:1,(anonymous_0)
FNDA:0,(anonymous_1)
FNDA:2,(anonymous_2)
FNDA:4,(anonymous_3)
FNDA:1,(anonymous_4)
DA:1,2
DA:3,2
DA:4,1
DA:5,1
DA:8,2
DA:9,0
DA:10,0
DA:13,2
DA:14,2
DA:22,2
DA:25,2
DA:26,4
DA:33,2
DA:34,1
LF:14
LH:12
BRF:0
BRH:0
end_of_record
